<?xml version="1.0" encoding="UTF-8"?>
<testsuite xmlns:xsi="http://www.w3.org/2001/XMLSchema-instance" xsi:noNamespaceSchemaLocation="https://maven.apache.org/surefire/maven-surefire-plugin/xsd/surefire-test-report-3.0.xsd" version="3.0" name="Setup.RunnerTest" time="28.584" tests="13" errors="0" skipped="0" failures="0">
  <properties>
[...]
</properties>
  <testcase name="Successful Login" classname="Log in to the website" time="3.908">
    <system-out><![CDATA[
  .   ____          _            __ _ _
 /\\ / ___'_ __ _ _(_)_ __  __ _ \ \ \ \
( ( )\___ | '_ | '_| | '_ \/ _` | \ \ \ \
 \\/  ___)| |_)| | | | | || (_| |  ) ) ) )
  '  |____| .__|_| |_|_| |_\__, | / / / /
 =========|_|==============|___/=/_/_/_/
 :: Spring Boot ::                (v3.2.4)

2024-05-08T10:01:33.610+02:00  INFO 23928 --- [Functional_Monitoring] [           main] steps.CucumberSpringConfiguration        : Starting CucumberSpringConfiguration using Java 21.0.1 with PID 23928 (started by Laura in C:\Users\Laura\Documents\Stage\Functional_Monitoring)
2024-05-08T10:01:33.612+02:00  INFO 23928 --- [Functional_Monitoring] [           main] steps.CucumberSpringConfiguration        : No active profile set, falling back to 1 default profile: "default"
2024-05-08T10:01:34.034+02:00  INFO 23928 --- [Functional_Monitoring] [           main] steps.CucumberSpringConfiguration        : Started CucumberSpringConfiguration in 0.673 seconds (process running for 1.657)

@Regression @Smoke
Scenario: Successful Login                 &amp#27;[90m# src/test/resources/features/LogIn.feature:5&amp#27;[0m
2024-05-08T10:01:36.335+02:00  WARN 23928 --- [Functional_Monitoring] [           main] o.o.selenium.devtools.CdpVersionFinder   : Unable to find an exact match for CDP version 124, returning the closest version; found: 123; Please update to a Selenium version that supports CDP version 124
  &amp#27;[32mGiven &amp#27;[0m&amp#27;[32mI am on the login page&amp#27;[0m             &amp#27;[90m# steps.LoginSteps.iAmOnTheLoginPage()&amp#27;[0m
  &amp#27;[32mWhen &amp#27;[0m&amp#27;[32mI fill in my username &amp#27;[0m&amp#27;[32m&amp#27;[1mstandard_user&amp#27;[0m &amp#27;[90m# steps.LoginSteps.iFillInMyUsername(java.lang.String)&amp#27;[0m
  &amp#27;[32mAnd &amp#27;[0m&amp#27;[32mI fill in my password &amp#27;[0m&amp#27;[32m&amp#27;[1msecret_sauce&amp#27;[0m   &amp#27;[90m# steps.LoginSteps.iFillInMyPassword(java.lang.String)&amp#27;[0m
  &amp#27;[32mAnd &amp#27;[0m&amp#27;[32mI click on the login button&amp#27;[0m          &amp#27;[90m# steps.LoginSteps.iClickOnTheLoginButton()&amp#27;[0m
  &amp#27;[32mThen &amp#27;[0m&amp#27;[32mI'm logged in&amp#27;[0m                       &amp#27;[90m# steps.LoginSteps.imLoggedIn()&amp#27;[0m
  &amp#27;[32mAnd &amp#27;[0m&amp#27;[32mredirected to the product page&amp#27;[0m       &amp#27;[90m# steps.LoginSteps.redirectedToTheProductPage()&amp#27;[0m
]]></system-out>
    <system-err><![CDATA[WARNING: A Java agent has been loaded dynamically (C:\Users\Laura\.m2\repository\net\bytebuddy\byte-buddy-agent\1.14.12\byte-buddy-agent-1.14.12.jar)
WARNING: If a serviceability tool is in use, please run with -XX:+EnableDynamicAgentLoading to hide this warning
WARNING: If a serviceability tool is not in use, please run with -Djdk.instrument.traceUsage for more information
WARNING: Dynamic loading of agents will be disallowed by default in a future release
]]></system-err>
  </testcase>
  <testcase name="failed login: correct username - wrong password" classname="Log in to the website" time="1.571">
    <system-out><![CDATA[
@Regression @Sanity
Scenario: failed login: correct username - wrong password                                                            &amp#27;[90m# src/test/resources/features/LogIn.feature:14&amp#27;[0m
2024-05-08T10:01:37.997+02:00  WARN 23928 --- [Functional_Monitoring] [           main] o.o.selenium.devtools.CdpVersionFinder   : Unable to find an exact match for CDP version 124, returning the closest version; found: 123; Please update to a Selenium version that supports CDP version 124
  &amp#27;[32mGiven &amp#27;[0m&amp#27;[32mI am on the login page&amp#27;[0m                                                                                       &amp#27;[90m# steps.LoginSteps.iAmOnTheLoginPage()&amp#27;[0m
  &amp#27;[32mWhen &amp#27;[0m&amp#27;[32mI fill in my username &amp#27;[0m&amp#27;[32m&amp#27;[1mstandard_user&amp#27;[0m                                                                           &amp#27;[90m# steps.LoginSteps.iFillInMyUsername(java.lang.String)&amp#27;[0m
  &amp#27;[32mAnd &amp#27;[0m&amp#27;[32mI fill in something that's not my password &amp#27;[0m&amp#27;[32m&amp#27;[1mpassword&amp#27;[0m                                                            &amp#27;[90m# steps.LoginSteps.iFillInSomethingThatSNotMyPassword(java.lang.String)&amp#27;[0m
  &amp#27;[32mAnd &amp#27;[0m&amp#27;[32mI click on the login button&amp#27;[0m                                                                                    &amp#27;[90m# steps.LoginSteps.iClickOnTheLoginButton()&amp#27;[0m
  &amp#27;[32mThen &amp#27;[0m&amp#27;[32man error message is show that indicates that the combination of the username and password is not a valid one.&amp#27;[0m &amp#27;[90m# steps.LoginSteps.anErrorMessageIsShowThatIndicatesThatTheCombinationOfTheUsernameAndPasswordIsNotAValidOne()&amp#27;[0m
]]></system-out>
  </testcase>
  <testcase name="failed login: no username filled out - password filled out" classname="Log in to the website" time="1.633">
    <system-out><![CDATA[
@Regression @Sanity
Scenario: failed login: no username filled out - password filled out                  &amp#27;[90m# src/test/resources/features/LogIn.feature:22&amp#27;[0m
2024-05-08T10:01:39.596+02:00  WARN 23928 --- [Functional_Monitoring] [           main] o.o.selenium.devtools.CdpVersionFinder   : Unable to find an exact match for CDP version 124, returning the closest version; found: 123; Please update to a Selenium version that supports CDP version 124
  &amp#27;[32mGiven &amp#27;[0m&amp#27;[32mI am on the login page&amp#27;[0m                                                        &amp#27;[90m# steps.LoginSteps.iAmOnTheLoginPage()&amp#27;[0m
  &amp#27;[32mWhen &amp#27;[0m&amp#27;[32mI fill in no username&amp#27;[0m                                                          &amp#27;[90m# steps.LoginSteps.iFillInNoUsername()&amp#27;[0m
  &amp#27;[32mAnd &amp#27;[0m&amp#27;[32mI fill in my password &amp#27;[0m&amp#27;[32m&amp#27;[1msecret_sauce&amp#27;[0m                                              &amp#27;[90m# steps.LoginSteps.iFillInMyPassword(java.lang.String)&amp#27;[0m
  &amp#27;[32mAnd &amp#27;[0m&amp#27;[32mI click on the login button&amp#27;[0m                                                     &amp#27;[90m# steps.LoginSteps.iClickOnTheLoginButton()&amp#27;[0m
  &amp#27;[32mThen &amp#27;[0m&amp#27;[32man error message is show that indicates that the username is a required field.&amp#27;[0m &amp#27;[90m# steps.LoginSteps.anErrorMessageIsShowThatIndicatesThatTheUsernameIsARequiredField()&amp#27;[0m
]]></system-out>
  </testcase>
  <testcase name="failed login: username filled out - no password filled out" classname="Log in to the website" time="1.524">
    <system-out><![CDATA[
@Regression @Sanity
Scenario: failed login: username filled out - no password filled out                  &amp#27;[90m# src/test/resources/features/LogIn.feature:30&amp#27;[0m
2024-05-08T10:01:41.198+02:00  WARN 23928 --- [Functional_Monitoring] [           main] o.o.selenium.devtools.CdpVersionFinder   : Unable to find an exact match for CDP version 124, returning the closest version; found: 123; Please update to a Selenium version that supports CDP version 124
  &amp#27;[32mGiven &amp#27;[0m&amp#27;[32mI am on the login page&amp#27;[0m                                                        &amp#27;[90m# steps.LoginSteps.iAmOnTheLoginPage()&amp#27;[0m
  &amp#27;[32mWhen &amp#27;[0m&amp#27;[32mI fill in my username &amp#27;[0m&amp#27;[32m&amp#27;[1mstandard_user&amp#27;[0m                                            &amp#27;[90m# steps.LoginSteps.iFillInMyUsername(java.lang.String)&amp#27;[0m
  &amp#27;[32mAnd &amp#27;[0m&amp#27;[32mI fill in no password&amp#27;[0m                                                           &amp#27;[90m# steps.LoginSteps.iFillInNoPassword()&amp#27;[0m
  &amp#27;[32mAnd &amp#27;[0m&amp#27;[32mI click on the login button&amp#27;[0m                                                     &amp#27;[90m# steps.LoginSteps.iClickOnTheLoginButton()&amp#27;[0m
  &amp#27;[32mThen &amp#27;[0m&amp#27;[32man error message is show that indicates that the password is a required field.&amp#27;[0m &amp#27;[90m# steps.LoginSteps.anErrorMessageIsShowThatIndicatesThatThePasswordIsARequiredField()&amp#27;[0m
]]></system-out>
  </testcase>
  <testcase name="Successful Logout" classname="Log out of the website" time="2.333">
    <system-out><![CDATA[
@Regression @Smoke
Scenario: Successful Logout                                                            &amp#27;[90m# src/test/resources/features/LogOut.feature:8&amp#27;[0m
2024-05-08T10:01:42.742+02:00  WARN 23928 --- [Functional_Monitoring] [           main] o.o.selenium.devtools.CdpVersionFinder   : Unable to find an exact match for CDP version 124, returning the closest version; found: 123; Please update to a Selenium version that supports CDP version 124
  &amp#27;[32mGiven &amp#27;[0m&amp#27;[32mI am correctly logged in with username &amp#27;[0m&amp#27;[32m&amp#27;[1mstandard_user&amp#27;[0m&amp#27;[32m and password &amp#27;[0m&amp#27;[32m&amp#27;[1msecret_sauce&amp#27;[0m &amp#27;[90m# steps.CommonSteps.iAmCorrectlyLoggedIn(java.lang.String,java.lang.String)&amp#27;[0m
  &amp#27;[32mGiven &amp#27;[0m&amp#27;[32mI am on the product page&amp#27;[0m                                                       &amp#27;[90m# steps.CommonSteps.iAmOnTheProductPage()&amp#27;[0m
  &amp#27;[32mWhen &amp#27;[0m&amp#27;[32mI click on the hamburger menu in the nav. bar&amp#27;[0m                                   &amp#27;[90m# steps.LogoutSteps.iClickOnTheHamburgerMenuInTheNavBar()&amp#27;[0m
  &amp#27;[32mThen &amp#27;[0m&amp#27;[32mI see a list of buttons&amp#27;[0m                                                         &amp#27;[90m# steps.LogoutSteps.iSeeAListOfButtons()&amp#27;[0m
  &amp#27;[32mWhen &amp#27;[0m&amp#27;[32mI click on logout&amp#27;[0m                                                               &amp#27;[90m# steps.LogoutSteps.iClickOnLogout()&amp#27;[0m
  &amp#27;[32mThen &amp#27;[0m&amp#27;[32mI am logged out of the application&amp#27;[0m                                              &amp#27;[90m# steps.LogoutSteps.iAmLoggedOutOfTheApplication()&amp#27;[0m
  &amp#27;[32mAnd &amp#27;[0m&amp#27;[32mredirected to the Home Screen the login screen&amp#27;[0m                                   &amp#27;[90m# steps.LogoutSteps.redirectedToTheHomeScreenTheLoginScreen()&amp#27;[0m
]]></system-out>
  </testcase>
  <testcase name="See product detail page" classname="See the product detail page" time="2.562">
    <system-out><![CDATA[
@Regression @Sanity
Scenario: See product detail page                                                      &amp#27;[90m# src/test/resources/features/ProductDetail.feature:8&amp#27;[0m
2024-05-08T10:01:45.068+02:00  WARN 23928 --- [Functional_Monitoring] [           main] o.o.selenium.devtools.CdpVersionFinder   : Unable to find an exact match for CDP version 124, returning the closest version; found: 123; Please update to a Selenium version that supports CDP version 124
  &amp#27;[32mGiven &amp#27;[0m&amp#27;[32mI am correctly logged in with username &amp#27;[0m&amp#27;[32m&amp#27;[1mstandard_user&amp#27;[0m&amp#27;[32m and password &amp#27;[0m&amp#27;[32m&amp#27;[1msecret_sauce&amp#27;[0m &amp#27;[90m# steps.CommonSteps.iAmCorrectlyLoggedIn(java.lang.String,java.lang.String)&amp#27;[0m
  &amp#27;[32mGiven &amp#27;[0m&amp#27;[32mI am on the product page&amp#27;[0m                                                       &amp#27;[90m# steps.CommonSteps.iAmOnTheProductPage()&amp#27;[0m
  &amp#27;[32mWhen &amp#27;[0m&amp#27;[32mI click on a product&amp#27;[0m                                                            &amp#27;[90m# steps.ProductDetailSteps.iClickOnAProduct()&amp#27;[0m
  &amp#27;[32mThen &amp#27;[0m&amp#27;[32mI’m redirected to the product detail screen of that specific product&amp#27;[0m            &amp#27;[90m# steps.ProductDetailSteps.iMRedirectedToTheProductDetailScreenOfThatSpecificProduct()&amp#27;[0m
]]></system-out>
  </testcase>
  <testcase name="Add products to the cart" classname="Shopping Cart Functionality" time="2.766">
    <system-out><![CDATA[
@Regression @Sanity
Scenario: Add products to the cart                                                     &amp#27;[90m# src/test/resources/features/ShoppingCart.feature:9&amp#27;[0m
2024-05-08T10:01:47.606+02:00  WARN 23928 --- [Functional_Monitoring] [           main] o.o.selenium.devtools.CdpVersionFinder   : Unable to find an exact match for CDP version 124, returning the closest version; found: 123; Please update to a Selenium version that supports CDP version 124
  &amp#27;[32mGiven &amp#27;[0m&amp#27;[32mI am correctly logged in with username &amp#27;[0m&amp#27;[32m&amp#27;[1mstandard_user&amp#27;[0m&amp#27;[32m and password &amp#27;[0m&amp#27;[32m&amp#27;[1msecret_sauce&amp#27;[0m &amp#27;[90m# steps.CommonSteps.iAmCorrectlyLoggedIn(java.lang.String,java.lang.String)&amp#27;[0m
  &amp#27;[32mAnd &amp#27;[0m&amp#27;[32mI am on the product page&amp#27;[0m                                                         &amp#27;[90m# steps.CommonSteps.iAmOnTheProductPage()&amp#27;[0m
  &amp#27;[32mWhen &amp#27;[0m&amp#27;[32mI click on the ‘add to cart’ next to a product&amp#27;[0m                                  &amp#27;[90m# steps.ShoppingCartSteps.iClickOnTheAddToCartNextToAProduct()&amp#27;[0m
  &amp#27;[32mAnd &amp#27;[0m&amp#27;[32mI click on the shopping cart icon&amp#27;[0m                                                &amp#27;[90m# steps.ShoppingCartSteps.iClickOnTheShoppingCartIcon()&amp#27;[0m
  &amp#27;[32mThen &amp#27;[0m&amp#27;[32mI’m redirected to the ‘your cart’ screen&amp#27;[0m                                        &amp#27;[90m# steps.ShoppingCartSteps.iMRedirectedToTheYourCartScreen()&amp#27;[0m
  &amp#27;[32mAnd &amp#27;[0m&amp#27;[32mthe product is added to my cart&amp#27;[0m                                                  &amp#27;[90m# steps.ShoppingCartSteps.theProductIsAddedToMyCart()&amp#27;[0m
]]></system-out>
  </testcase>
  <testcase name="I don’t have a product added to my cart" classname="Shopping Cart Functionality" time="1.665">
    <system-out><![CDATA[
@Regression @Sanity
Scenario: I don’t have a product added to my cart                                      &amp#27;[90m# src/test/resources/features/ShoppingCart.feature:16&amp#27;[0m
2024-05-08T10:01:50.411+02:00  WARN 23928 --- [Functional_Monitoring] [           main] o.o.selenium.devtools.CdpVersionFinder   : Unable to find an exact match for CDP version 124, returning the closest version; found: 123; Please update to a Selenium version that supports CDP version 124
  &amp#27;[32mGiven &amp#27;[0m&amp#27;[32mI am correctly logged in with username &amp#27;[0m&amp#27;[32m&amp#27;[1mstandard_user&amp#27;[0m&amp#27;[32m and password &amp#27;[0m&amp#27;[32m&amp#27;[1msecret_sauce&amp#27;[0m &amp#27;[90m# steps.CommonSteps.iAmCorrectlyLoggedIn(java.lang.String,java.lang.String)&amp#27;[0m
  &amp#27;[32mAnd &amp#27;[0m&amp#27;[32mI am on the product page&amp#27;[0m                                                         &amp#27;[90m# steps.CommonSteps.iAmOnTheProductPage()&amp#27;[0m
  &amp#27;[32mWhen &amp#27;[0m&amp#27;[32mI click on the shopping cart icon&amp#27;[0m                                               &amp#27;[90m# steps.ShoppingCartSteps.iClickOnTheShoppingCartIcon()&amp#27;[0m
  &amp#27;[32mThen &amp#27;[0m&amp#27;[32mI’m redirected to the ‘your cart’ screen&amp#27;[0m                                        &amp#27;[90m# steps.ShoppingCartSteps.iMRedirectedToTheYourCartScreen()&amp#27;[0m
  &amp#27;[32mAnd &amp#27;[0m&amp#27;[32mthe list of products in my cart is empty&amp#27;[0m                                         &amp#27;[90m# steps.ShoppingCartSteps.theListOfProductsInMyCartIsEmpty()&amp#27;[0m
]]></system-out>
  </testcase>
  <testcase name="deleting it from the product overview page" classname="Shopping Cart Functionality" time="1.755">
    <system-out><![CDATA[
@Regression @Sanity
Scenario: deleting it from the product overview page                                                   &amp#27;[90m# src/test/resources/features/ShoppingCart.feature:22&amp#27;[0m
2024-05-08T10:01:52.141+02:00  WARN 23928 --- [Functional_Monitoring] [           main] o.o.selenium.devtools.CdpVersionFinder   : Unable to find an exact match for CDP version 124, returning the closest version; found: 123; Please update to a Selenium version that supports CDP version 124
  &amp#27;[32mGiven &amp#27;[0m&amp#27;[32mI am correctly logged in with username &amp#27;[0m&amp#27;[32m&amp#27;[1mstandard_user&amp#27;[0m&amp#27;[32m and password &amp#27;[0m&amp#27;[32m&amp#27;[1msecret_sauce&amp#27;[0m                 &amp#27;[90m# steps.CommonSteps.iAmCorrectlyLoggedIn(java.lang.String,java.lang.String)&amp#27;[0m
  &amp#27;[32mAnd &amp#27;[0m&amp#27;[32mI am on the product page&amp#27;[0m                                                                         &amp#27;[90m# steps.CommonSteps.iAmOnTheProductPage()&amp#27;[0m
  &amp#27;[32mWhen &amp#27;[0m&amp#27;[32mI click on the ‘remove' button in my overview page next to a product that I’ve added to my cart&amp#27;[0m &amp#27;[90m# steps.ShoppingCartSteps.iClickOnTheRemoveButtonInMyOverviewPageNextToAProductThatIVeAddedToMyCart()&amp#27;[0m
  &amp#27;[32mThen &amp#27;[0m&amp#27;[32mthat product is removed from my cart in overview&amp#27;[0m                                                &amp#27;[90m# steps.ShoppingCartSteps.thatProductIsRemovedFromMyCartInOverview()&amp#27;[0m
]]></system-out>
  </testcase>
  <testcase name="deleting it from the your cart page" classname="Shopping Cart Functionality" time="1.727">
    <system-out><![CDATA[
@Regression @Sanity
Scenario: deleting it from the your cart page                                          &amp#27;[90m# src/test/resources/features/ShoppingCart.feature:27&amp#27;[0m
2024-05-08T10:01:53.804+02:00  WARN 23928 --- [Functional_Monitoring] [           main] o.o.selenium.devtools.CdpVersionFinder   : Unable to find an exact match for CDP version 124, returning the closest version; found: 123; Please update to a Selenium version that supports CDP version 124
  &amp#27;[32mGiven &amp#27;[0m&amp#27;[32mI am correctly logged in with username &amp#27;[0m&amp#27;[32m&amp#27;[1mstandard_user&amp#27;[0m&amp#27;[32m and password &amp#27;[0m&amp#27;[32m&amp#27;[1msecret_sauce&amp#27;[0m &amp#27;[90m# steps.CommonSteps.iAmCorrectlyLoggedIn(java.lang.String,java.lang.String)&amp#27;[0m
  &amp#27;[32mAnd &amp#27;[0m&amp#27;[32mI am on the product page&amp#27;[0m                                                         &amp#27;[90m# steps.CommonSteps.iAmOnTheProductPage()&amp#27;[0m
  &amp#27;[32mGiven &amp#27;[0m&amp#27;[32mI am on the ‘Your cart’ page&amp#27;[0m                                                   &amp#27;[90m# steps.ShoppingCartSteps.iAmOnTheYourCartPage()&amp#27;[0m
  &amp#27;[32mWhen &amp#27;[0m&amp#27;[32mI click on the ‘remove' button next to a product that I’ve added to my cart&amp#27;[0m     &amp#27;[90m# steps.ShoppingCartSteps.iClickOnTheRemoveButtonNextToAProductThatIVeAddedToMyCart()&amp#27;[0m
  &amp#27;[32mThen &amp#27;[0m&amp#27;[32mthat product is removed from my cart&amp#27;[0m                                            &amp#27;[90m# steps.ShoppingCartSteps.thatProductIsRemovedFromMyCart()&amp#27;[0m
  &amp#27;[32mAnd &amp#27;[0m&amp#27;[32mthe list updates itself and I don’t see the product anymore that I just deleted&amp#27;[0m  &amp#27;[90m# steps.ShoppingCartSteps.theListUpdatesItselfAndIDonTSeeTheProductAnymoreThatIJustDeleted()&amp#27;[0m
]]></system-out>
  </testcase>
  <testcase name="Check out the products" classname="Shopping Cart Functionality" time="1.897">
    <system-out><![CDATA[
@Regression @Sanity
Scenario: Check out the products                                                       &amp#27;[90m# src/test/resources/features/ShoppingCart.feature:34&amp#27;[0m
2024-05-08T10:01:55.514+02:00  WARN 23928 --- [Functional_Monitoring] [           main] o.o.selenium.devtools.CdpVersionFinder   : Unable to find an exact match for CDP version 124, returning the closest version; found: 123; Please update to a Selenium version that supports CDP version 124
  &amp#27;[32mGiven &amp#27;[0m&amp#27;[32mI am correctly logged in with username &amp#27;[0m&amp#27;[32m&amp#27;[1mstandard_user&amp#27;[0m&amp#27;[32m and password &amp#27;[0m&amp#27;[32m&amp#27;[1msecret_sauce&amp#27;[0m &amp#27;[90m# steps.CommonSteps.iAmCorrectlyLoggedIn(java.lang.String,java.lang.String)&amp#27;[0m
  &amp#27;[32mAnd &amp#27;[0m&amp#27;[32mI am on the product page&amp#27;[0m                                                         &amp#27;[90m# steps.CommonSteps.iAmOnTheProductPage()&amp#27;[0m
  &amp#27;[32mGiven &amp#27;[0m&amp#27;[32mI am on the ‘Your cart’ page&amp#27;[0m                                                   &amp#27;[90m# steps.ShoppingCartSteps.iAmOnTheYourCartPage()&amp#27;[0m
  &amp#27;[32mWhen &amp#27;[0m&amp#27;[32mI click on ‘check out’&amp#27;[0m                                                          &amp#27;[90m# steps.ShoppingCartSteps.iClickOnCheckOut()&amp#27;[0m
  &amp#27;[32mThen &amp#27;[0m&amp#27;[32mI am redirected to the ‘Checkout: your information’ page&amp#27;[0m                        &amp#27;[90m# steps.ShoppingCartSteps.iAmRedirectedToTheCheckoutYourInformationPage()&amp#27;[0m
  &amp#27;[32mWhen &amp#27;[0m&amp#27;[32mI complete filling out the fields&amp#27;[0m                                               &amp#27;[90m# steps.ShoppingCartSteps.iCompleteFillingOutTheFields()&amp#27;[0m
  &amp#27;[32mAnd &amp#27;[0m&amp#27;[32mclick on continue&amp#27;[0m                                                                &amp#27;[90m# steps.ShoppingCartSteps.clickOnContinue()&amp#27;[0m
  &amp#27;[32mThen &amp#27;[0m&amp#27;[32mI’m redirected to the ‘checkout: overview page’&amp#27;[0m                                 &amp#27;[90m# steps.ShoppingCartSteps.iMRedirectedToTheCheckoutOverviewPage()&amp#27;[0m
  &amp#27;[32mWhen &amp#27;[0m&amp#27;[32mI click on ‘finish’&amp#27;[0m                                                             &amp#27;[90m# steps.ShoppingCartSteps.iClickOnFinish()&amp#27;[0m
  &amp#27;[32mThen &amp#27;[0m&amp#27;[32mI see an order confirmation screen&amp#27;[0m                                              &amp#27;[90m# steps.ShoppingCartSteps.iSeeAOrderConfirmationScreen()&amp#27;[0m
]]></system-out>
  </testcase>
  <testcase name="sorting method ‘Name (A to Z)’" classname="Sorting ProductPage" time="1.852">
    <system-out><![CDATA[
@Regression @Sanity
Scenario: sorting method ‘Name (A to Z)’                                               &amp#27;[90m# src/test/resources/features/SortingProductPage.feature:8&amp#27;[0m
2024-05-08T10:01:57.378+02:00  WARN 23928 --- [Functional_Monitoring] [           main] o.o.selenium.devtools.CdpVersionFinder   : Unable to find an exact match for CDP version 124, returning the closest version; found: 123; Please update to a Selenium version that supports CDP version 124
  &amp#27;[32mGiven &amp#27;[0m&amp#27;[32mI am correctly logged in with username &amp#27;[0m&amp#27;[32m&amp#27;[1mstandard_user&amp#27;[0m&amp#27;[32m and password &amp#27;[0m&amp#27;[32m&amp#27;[1msecret_sauce&amp#27;[0m &amp#27;[90m# steps.CommonSteps.iAmCorrectlyLoggedIn(java.lang.String,java.lang.String)&amp#27;[0m
  &amp#27;[32mGiven &amp#27;[0m&amp#27;[32mI am on the product page&amp#27;[0m                                                       &amp#27;[90m# steps.CommonSteps.iAmOnTheProductPage()&amp#27;[0m
  &amp#27;[32mWhen &amp#27;[0m&amp#27;[32mI click on the filter option button&amp#27;[0m                                             &amp#27;[90m# steps.SortingProductPageSteps.iClickOnTheFilterOptionButton()&amp#27;[0m
  &amp#27;[32mAnd &amp#27;[0m&amp#27;[32mclick on ‘Name (A to Z)’&amp#27;[0m                                                         &amp#27;[90m# steps.SortingProductPageSteps.clickOnNameAToZ()&amp#27;[0m
  &amp#27;[32mThen &amp#27;[0m&amp#27;[32mthe products are shown in alphabetical order&amp#27;[0m                                    &amp#27;[90m# steps.SortingProductPageSteps.theProductsAreShownInAlphabeticalOrder()&amp#27;[0m
]]></system-out>
  </testcase>
  <testcase name="sorting method ‘Price (low to high)’" classname="Sorting ProductPage" time="3.039">
    <system-out><![CDATA[
@Regression @Sanity
Scenario: sorting method ‘Price (low to high)’                                               &amp#27;[90m# src/test/resources/features/SortingProductPage.feature:15&amp#27;[0m
2024-05-08T10:01:59.411+02:00  WARN 23928 --- [Functional_Monitoring] [           main] o.o.selenium.devtools.CdpVersionFinder   : Unable to find an exact match for CDP version 124, returning the closest version; found: 123; Please update to a Selenium version that supports CDP version 124
  &amp#27;[32mGiven &amp#27;[0m&amp#27;[32mI am correctly logged in with username &amp#27;[0m&amp#27;[32m&amp#27;[1mstandard_user&amp#27;[0m&amp#27;[32m and password &amp#27;[0m&amp#27;[32m&amp#27;[1msecret_sauce&amp#27;[0m       &amp#27;[90m# steps.CommonSteps.iAmCorrectlyLoggedIn(java.lang.String,java.lang.String)&amp#27;[0m
  &amp#27;[32mGiven &amp#27;[0m&amp#27;[32mI am on the product page&amp#27;[0m                                                             &amp#27;[90m# steps.CommonSteps.iAmOnTheProductPage()&amp#27;[0m
  &amp#27;[32mWhen &amp#27;[0m&amp#27;[32mI click on the filter option button&amp#27;[0m                                                   &amp#27;[90m# steps.SortingProductPageSteps.iClickOnTheFilterOptionButton()&amp#27;[0m
  &amp#27;[32mAnd &amp#27;[0m&amp#27;[32mclick on ‘Price (low to high)’&amp#27;[0m                                                         &amp#27;[90m# steps.SortingProductPageSteps.clickOnPriceLowToHigh()&amp#27;[0m
  &amp#27;[32mThen &amp#27;[0m&amp#27;[32mI see the products ordered with the product lowest price first and highest price last&amp#27;[0m &amp#27;[90m# steps.SortingProductPageSteps.iSeeTheProductsOrderedWithTheProductLowestPriceFirstAndHighestPriceLast()&amp#27;[0m
]]></system-out>
  </testcase>
</testsuite>